<?xml version="1.0" encoding="UTF-8"?>
<!-- Generated by org.testng.reporters.JUnitReportReporter -->
<testsuite skipped="0" hostname="TABLET-94I7MRL4" name="testCases.AddToCart_002" tests="2" failures="0" timestamp="04 May 2022 03:11:02 GMT" time="30.415" errors="0">
  <testcase name="addCasualDrs" time="15.897" classname="testCases.AddToCart_002"/>
  <testcase name="addSmrDrs" time="14.518" classname="testCases.AddToCart_002"/>
</testsuite> <!-- testCases.AddToCart_002 -->
