<?xml version="1.0" encoding="UTF-8"?>
<!-- Generated by org.testng.reporters.JUnitReportReporter -->
<testsuite skipped="0" hostname="TABLET-94I7MRL4" name="testCases.ContactUs_001" tests="1" failures="0" timestamp="07 May 2022 13:55:49 GMT" time="8.688" errors="0">
  <testcase name="verifyContactPage" time="8.688" classname="testCases.ContactUs_001"/>
</testsuite> <!-- testCases.ContactUs_001 -->
