<?xml version="1.0" encoding="UTF-8"?>
<!-- Generated by org.testng.reporters.JUnitReportReporter -->
<testsuite skipped="0" hostname="TABLET-94I7MRL4" name="testCases.ContactUs_001" tests="1" failures="0" timestamp="04 May 2022 02:52:18 GMT" time="9.283" errors="0">
  <testcase name="verifyContactPage" time="9.283" classname="testCases.ContactUs_001"/>
</testsuite> <!-- testCases.ContactUs_001 -->
